<?xml version="1.0" encoding="UTF-8"?>
<!-- Generated by org.testng.reporters.JUnitXMLReporter -->
<testsuite ignored="0" hostname="WIN-94E06505" failures="0" tests="6" name="Default test" time="21.086" errors="0" timestamp="2022-10-24T20:28:46 EDT">
  <testcase classname="com.pages.test.SignupPageTest" name="verifySignupFormTitle" time="0.845"/>
  <testcase classname="com.pages.test.SignupPageTest" name="SignupFormWithValidData" time="2.186"/>
  <testcase classname="com.pages.test.SignupPageTest" name="SignupFormWithExixtingUsername" time="2.113"/>
  <testcase classname="com.pages.test.SignupPageTest" name="SignupFormWithBlankFirstName" time="1.649"/>
  <testcase classname="com.pages.test.SignupPageTest" name="SignupFormWithBlankSurname" time="1.595"/>
  <testcase classname="com.pages.test.SignupPageTest" name="SignupFormWithBlankFirstNameAndSurname" time="1.521"/>
</testsuite> <!-- Default test -->
